{"level":"info","message":"hola","service":"user-service"}
{"level":"info","message":"hola","service":"user-service"}
{"level":"error","message":"info, { message, service }","service":"user-service"}
{"level":"info","message":"hola","service":"user-service"}
{"level":"error","message":"info, {  }","service":"user-service"}
{"level":"info","message":"hola","service":"user-service"}
{"level":"error","message":"info, { message, service }","service":"user-service"}
{"level":"info","message":"hola","service":"user-service"}
{"level":"error","message":"info","service":"user-service"}
{"level":"info","message":"hola","service":"user-service"}
{"level":"error","message":"info chau","service":"app.js"}
{"level":"info","message":"hola","service":"user-service"}
{"level":"error","message":"error chau","service":"app.js"}
{"level":"info","message":"hola","service":"user-service"}
{"level":"error","message":"error chau","service":"app.js"}
{"level":"info","message":"hola","service":"user-service"}
{"level":"error","message":"error chau","service":"app.js"}
{"level":"info","message":"hola","service":"user-service"}
{"level":"error","message":"error chau","service":"app.js"}
{"level":"info","message":"hola","service":"user-service"}
{"level":"error","message":"error chau","service":"app.js"}
{"level":"info","message":"hola","service":"user-service","timestamp":"2024-08-28T19:01:53.447Z"}
{"level":"error","message":"error chau","service":"app.js","timestamp":"2024-08-28T19:01:53.453Z"}
{"level":"info","message":"hola","service":"user-service","timestamp":"2024-08-28T19:41:01.285Z"}
{"level":"error","message":"error chau","service":"app.js","timestamp":"2024-08-28T19:41:01.290Z"}
